Pilota 					 Costruttore 		 Griglia 			 Tempi

Ricciardo            	 Red Bull             	 1    			 00:00:00.000
Perez                	 Force India          	 13   			 00:00:00.000
Sainz                	 Renault              	 8    			 00:00:00.000
Alonso               	 McLaren              	 12   			 00:00:00.000
Grosjean             	 Haas                 	 18   			 01:53:28.866
Magnussen            	 Haas                 	 16   			 01:53:28.865
Hartley              	 Toro Rosso           	 14   			 01:52:28.864
Sirotkin             	 Williams             	 19   			 01:52:28.863
Stroll               	 Williams             	 17   			 01:51:28.862
Ocon                 	 Force India          	 11   			 01:50:28.861
Gasly                	 Toro Rosso           	 20   			 01:50:28.860
Ericsson             	 Sauber               	 10   			 01:49:28.859
Vandoorne            	 McLaren              	 15   			 01:43:28.858
Leclerc              	 Sauber               	 9    			 01:43:28.857
Hulkenberg           	 Renault              	 7    			 01:42:28.856
Bottas               	 Mercedes             	 5    			 01:42:28.855
Hamilton             	 Mercedes             	 3    			 01:41:28.854
Raikkonen            	 Ferrari              	 6    			 01:40:28.853
Vettel               	 Ferrari              	 4    			 01:39:28.852
Verstappen           	 Red Bull             	 2    			 01:38:28.851
